<?xml version="1.0" encoding="UTF-8" ?>
<testsuite tests="9" failures="0" name="runners.TestRunner" time="0.044" errors="2" skipped="3">
  <properties>
[...]
</properties>
  <testcase classname="| Lakshay |" name="Given user is on home page" time="0.004"/>
  <testcase classname="| Lakshay |" name="When he searches for &quot;dress&quot;" time="0"/>
  <testcase classname="| Lakshay |" name="And choose to buy first item" time="0"/>
  <testcase classname="| Lakshay |" name="And moves to checkout from minicart" time="0"/>
  <testcase classname="| Lakshay |" name="And enter &quot;Lakshay&quot; Personal details on checkoutpage" time="0.004">
    <error message="Test Data Resouce path not specified in config file" type="java.lang.RuntimeException">java.lang.RuntimeException: Test Data Resouce path not specified in config file
	at dataProvider.ConfigFileReader.getTestDataResourcePath(ConfigFileReader.java:120)
	at dataProvider.JsonDataReader.&lt;init&gt;(JsonDataReader.java:17)
	at managers.FileReaderManager.getJsonReader(FileReaderManager.java:31)
	at stepDefinitions.CheckoutPageSteps.enter_Personal_details_on_checkoutpage(CheckoutPageSteps.java:29)
	at ✽.And enter &quot;Lakshay&quot; Personal details on checkoutpage(End2endTests.feature:9)
</error>
  </testcase>
  <testcase classname="| Lakshay |" name="| Lakshay |" time="0.004">
    <error message="Test Data Resouce path not specified in config file" type="java.lang.RuntimeException">java.lang.RuntimeException: Test Data Resouce path not specified in config file
	at dataProvider.ConfigFileReader.getTestDataResourcePath(ConfigFileReader.java:120)
	at dataProvider.JsonDataReader.&lt;init&gt;(JsonDataReader.java:17)
	at managers.FileReaderManager.getJsonReader(FileReaderManager.java:31)
	at stepDefinitions.CheckoutPageSteps.enter_Personal_details_on_checkoutpage(CheckoutPageSteps.java:29)
	at ✽.And enter &quot;Lakshay&quot; Personal details on checkoutpage(End2endTests.feature:9)
</error>
  </testcase>
  <testcase classname="| Lakshay |" name="And select same delivery address" time="0.009">
    <skipped/>
  </testcase>
  <testcase classname="| Lakshay |" name="And select payment method as &quot;CheckPayment&quot; payment" time="0.011">
    <skipped/>
  </testcase>
  <testcase classname="| Lakshay |" name="And place the order" time="0.012">
    <skipped/>
  </testcase>
</testsuite>